<?xml version="1.0" encoding="UTF-8"?>
<testsuite name="guru.qa.FirstTest" tests="1" skipped="0" failures="0" errors="0" timestamp="2024-03-16T20:29:30" hostname="Vladimirs-MacBook-Pro-2.local" time="0.008">
  <properties/>
  <testcase name="secondTest()" classname="guru.qa.FirstTest" time="0.008"/>
  <system-out><![CDATA[]]></system-out>
  <system-err><![CDATA[]]></system-err>
</testsuite>
