<?xml version="1.0" encoding="UTF-8"?>
<testsuite name="guru.qa.FirstTest" tests="1" skipped="0" failures="0" errors="0" timestamp="2024-03-15T18:08:28" hostname="Vladimirs-MacBook-Pro-2.local" time="0.009">
  <properties/>
  <testcase name="firstTest()" classname="guru.qa.FirstTest" time="0.009"/>
  <system-out><![CDATA[]]></system-out>
  <system-err><![CDATA[]]></system-err>
</testsuite>
